<?xml version="1.0" encoding="UTF-8"?>
<!-- Generated by org.testng.reporters.JUnitXMLReporter -->
<testsuite ignored="2" hostname="LAPTOP-0SCJ6J7A" failures="0" tests="2" name="Test1" time="66.275" errors="0" timestamp="2022-03-16T10:10:24 IST">
  <testcase classname="com.crm.assignmentcontactsTest.CreateContactsNotifyOwnerTest" name="CreateContactsNotifyOwner" time="19.531"/>
  <testcase classname="com.crm.Organizationtest.CreateOrganizationtests" name="createorg" time="21.265"/>
  <testcase classname="com.crm.GenericLibrary.BaseClass" name="@BeforeSuite connectDataBase" time="0.0">
    <ignored/>
  </testcase> <!-- @BeforeSuite connectDataBase -->
  <testcase classname="com.crm.GenericLibrary.BaseClass" name="@AfterSuite closeDataBase" time="0.0">
    <ignored/>
  </testcase> <!-- @AfterSuite closeDataBase -->
</testsuite> <!-- Test1 -->
