<?xml version="1.0" encoding="UTF-8"?>
<!-- Generated by org.testng.reporters.JUnitXMLReporter -->
<testsuite ignored="4" hostname="LAPTOP-0SCJ6J7A" failures="0" tests="2" name="Test2" time="122.531" errors="0" timestamp="2022-03-06T01:00:35 IST">
  <testcase classname="com.crm.GenericLibrary.BaseClass" name="@BeforeMethod Login" time="0.001">
    <failure type="java.lang.NullPointerException" message="Cannot invoke &amp;quot;org.openqa.selenium.SearchContext.findElement(org.openqa.selenium.By)&amp;quot; because &amp;quot;this.searchContext&amp;quot; is null">
      <![CDATA[java.lang.NullPointerException: Cannot invoke "org.openqa.selenium.SearchContext.findElement(org.openqa.selenium.By)" because "this.searchContext" is null
at org.openqa.selenium.support.pagefactory.DefaultElementLocator.findElement(DefaultElementLocator.java:69)
at org.openqa.selenium.support.pagefactory.internal.LocatingElementHandler.invoke(LocatingElementHandler.java:38)
at jdk.proxy2/jdk.proxy2.$Proxy17.sendKeys(Unknown Source)
at com.crm.ObjectRepository.LoginPage.loginToApplication(LoginPage.java:49)
at com.crm.GenericLibrary.BaseClass.Login(BaseClass.java:78)
at java.base/java.util.concurrent.ThreadPoolExecutor.runWorker(ThreadPoolExecutor.java:1130)
at java.base/java.util.concurrent.ThreadPoolExecutor$Worker.run(ThreadPoolExecutor.java:630)
at java.base/java.lang.Thread.run(Thread.java:831)
... Removed 16 stack frames]]>
    </failure>
  </testcase> <!-- @BeforeMethod Login -->
  <testcase classname="com.crm.GenericLibrary.BaseClass" name="@AfterMethod logout" time="0.002">
    <failure type="java.lang.NullPointerException">
      <![CDATA[java.lang.NullPointerException
at java.base/java.util.Objects.requireNonNull(Objects.java:208)
at org.openqa.selenium.interactions.Actions.<init>(Actions.java:65)
at com.crm.GenericLibrary.Webdriverutility.mouseHover(Webdriverutility.java:119)
at com.crm.ObjectRepository.HomePage.logoutOfApplication(HomePage.java:152)
at com.crm.GenericLibrary.BaseClass.logout(BaseClass.java:87)
at java.base/java.util.concurrent.ThreadPoolExecutor.runWorker(ThreadPoolExecutor.java:1130)
at java.base/java.util.concurrent.ThreadPoolExecutor$Worker.run(ThreadPoolExecutor.java:630)
at java.base/java.lang.Thread.run(Thread.java:831)
... Removed 17 stack frames]]>
    </failure>
  </testcase> <!-- @AfterMethod logout -->
  <testcase classname="com.crm.contactsTest.CreateContactsTest" name="createcontacts" time="59.708"/>
  <testcase classname="com.crm.contactsTest.CreatecontactswithOrgTest" name="createcontactwithorg" time="0.0">
    <skipped/>
  </testcase> <!-- createcontactwithorg -->
  <testcase classname="com.crm.GenericLibrary.BaseClass" name="@AfterTest closeBrowser" time="0.0">
    <ignored/>
  </testcase> <!-- @AfterTest closeBrowser -->
  <testcase classname="com.crm.GenericLibrary.BaseClass" name="@BeforeTest launchTheBrowser" time="0.0">
    <ignored/>
  </testcase> <!-- @BeforeTest launchTheBrowser -->
  <testcase classname="com.crm.GenericLibrary.BaseClass" name="@BeforeSuite connectDataBase" time="0.0">
    <ignored/>
  </testcase> <!-- @BeforeSuite connectDataBase -->
  <testcase classname="com.crm.GenericLibrary.BaseClass" name="@AfterSuite closeDataBase" time="0.0">
    <ignored/>
  </testcase> <!-- @AfterSuite closeDataBase -->
</testsuite> <!-- Test2 -->
