<?xml version="1.0" encoding="UTF-8"?>
<testng-results ignored="0" total="1" passed="1" failed="0" skipped="0">
  <reporter-output>
    <line>
      <![CDATA[==== DataBase Connection Successful ====]]>
    </line>
    <line>
      <![CDATA[==== Browser Launch Successful ====]]>
    </line>
    <line>
      <![CDATA[==== Login To Appliction Successful ====]]>
    </line>
    <line>
      <![CDATA[clicked on contacts link]]>
    </line>
    <line>
      <![CDATA[Clicked on create contacts lookup image]]>
    </line>
    <line>
      <![CDATA[New contacts created]]>
    </line>
    <line>
      <![CDATA[Verification successful]]>
    </line>
    <line>
      <![CDATA[==== Logout Of Application Successful ====]]>
    </line>
    <line>
      <![CDATA[==== Browser close Successful ====]]>
    </line>
    <line>
      <![CDATA[==== DataBase Close Successful ====]]>
    </line>
  </reporter-output>
  <suite started-at="2022-03-15T15:41:56 IST" name="Default suite" finished-at="2022-03-15T15:42:19 IST" duration-ms="23156">
    <groups>
    </groups>
    <test started-at="2022-03-15T15:41:56 IST" name="Default test" finished-at="2022-03-15T15:42:19 IST" duration-ms="23156">
      <class name="com.crm.assignmentcontactsTest.CreateContactEmailOptEnabledOrNotTest">
        <test-method is-config="true" signature="connectDataBase()[pri:0, instance:com.crm.assignmentcontactsTest.CreateContactEmailOptEnabledOrNotTest@e15b7e8]" started-at="2022-03-15T15:41:56 IST" name="connectDataBase" finished-at="2022-03-15T15:41:56 IST" duration-ms="12" status="PASS">
          <reporter-output>
            <line>
              <![CDATA[==== DataBase Connection Successful ====]]>
            </line>
          </reporter-output>
        </test-method> <!-- connectDataBase -->
        <test-method is-config="true" signature="launchTheBrowser()[pri:0, instance:com.crm.assignmentcontactsTest.CreateContactEmailOptEnabledOrNotTest@e15b7e8]" started-at="2022-03-15T15:41:56 IST" name="launchTheBrowser" finished-at="2022-03-15T15:42:00 IST" duration-ms="4135" status="PASS">
          <reporter-output>
            <line>
              <![CDATA[==== Browser Launch Successful ====]]>
            </line>
          </reporter-output>
        </test-method> <!-- launchTheBrowser -->
        <test-method is-config="true" signature="Login()[pri:0, instance:com.crm.assignmentcontactsTest.CreateContactEmailOptEnabledOrNotTest@e15b7e8]" started-at="2022-03-15T15:42:00 IST" name="Login" finished-at="2022-03-15T15:42:04 IST" duration-ms="4387" status="PASS">
          <reporter-output>
            <line>
              <![CDATA[==== Login To Appliction Successful ====]]>
            </line>
          </reporter-output>
        </test-method> <!-- Login -->
        <test-method signature="CreateContactEmailOptEnabledOrNot()[pri:0, instance:com.crm.assignmentcontactsTest.CreateContactEmailOptEnabledOrNotTest@e15b7e8]" started-at="2022-03-15T15:42:04 IST" name="CreateContactEmailOptEnabledOrNot" finished-at="2022-03-15T15:42:17 IST" duration-ms="12407" status="PASS">
          <reporter-output>
            <line>
              <![CDATA[clicked on contacts link]]>
            </line>
            <line>
              <![CDATA[Clicked on create contacts lookup image]]>
            </line>
            <line>
              <![CDATA[New contacts created]]>
            </line>
            <line>
              <![CDATA[Verification successful]]>
            </line>
          </reporter-output>
        </test-method> <!-- CreateContactEmailOptEnabledOrNot -->
        <test-method is-config="true" signature="logout()[pri:0, instance:com.crm.assignmentcontactsTest.CreateContactEmailOptEnabledOrNotTest@e15b7e8]" started-at="2022-03-15T15:42:17 IST" name="logout" finished-at="2022-03-15T15:42:18 IST" duration-ms="1897" status="PASS">
          <reporter-output>
            <line>
              <![CDATA[==== Logout Of Application Successful ====]]>
            </line>
          </reporter-output>
        </test-method> <!-- logout -->
        <test-method is-config="true" signature="closeBrowser()[pri:0, instance:com.crm.assignmentcontactsTest.CreateContactEmailOptEnabledOrNotTest@e15b7e8]" started-at="2022-03-15T15:42:18 IST" name="closeBrowser" finished-at="2022-03-15T15:42:19 IST" duration-ms="281" status="PASS">
          <reporter-output>
            <line>
              <![CDATA[==== Browser close Successful ====]]>
            </line>
          </reporter-output>
        </test-method> <!-- closeBrowser -->
        <test-method is-config="true" signature="closeDataBase()[pri:0, instance:com.crm.assignmentcontactsTest.CreateContactEmailOptEnabledOrNotTest@e15b7e8]" started-at="2022-03-15T15:42:19 IST" name="closeDataBase" finished-at="2022-03-15T15:42:19 IST" duration-ms="1" status="PASS">
          <reporter-output>
            <line>
              <![CDATA[==== DataBase Close Successful ====]]>
            </line>
          </reporter-output>
        </test-method> <!-- closeDataBase -->
      </class> <!-- com.crm.assignmentcontactsTest.CreateContactEmailOptEnabledOrNotTest -->
    </test> <!-- Default test -->
  </suite> <!-- Default suite -->
</testng-results>
